# JRE version: OpenJDK Runtime Environment Temurin-21.0.6+7 (21.0.6+7) (build 21.0.6+7-LTS)
# Java VM: OpenJDK 64-Bit Server VM Temurin-21.0.6+7 (21.0.6+7-LTS, mixed mode, sharing, tiered, compressed oops, compressed class ptrs, parallel gc, windows-amd64)
GC Precious Log:
 CardTable entry size: 512
 CPUs: 4 total, 4 available
 Memory: 8067M
 Large Page Support: Disabled
 NUMA Support: Disabled
 Compressed Oops: Enabled (32-bit)
 Alignments: Space 512K, Generation 512K, Heap 2M
 Heap Min Capacity: 100M
 Heap Initial Capacity: 100M
 Heap Max Capacity: 1G
 Pre-touch: Disabled
 Parallel Workers: 4
Heap:
 PSYoungGen      total 3072K, used 1629K [0x00000000eab00000, 0x00000000eaf00000, 0x0000000100000000)
  eden space 2048K, 33% used [0x00000000eab00000,0x00000000eabac5a8,0x00000000ead00000)
  from space 1024K, 91% used [0x00000000eae00000,0x00000000eaeeaf60,0x00000000eaf00000)
  to   space 1024K, 0% used [0x00000000ead00000,0x00000000ead00000,0x00000000eae00000)
 ParOldGen       total 479744K, used 479328K [0x00000000c0000000, 0x00000000dd480000, 0x00000000eab00000)
  object space 479744K, 99% used [0x00000000c0000000,0x00000000dd4183b8,0x00000000dd480000)
 Metaspace       used 65158K, committed 66560K, reserved 1114112K
  class space    used 6673K, committed 7296K, reserved 1048576K
GC Heap History (20 events):
Event: 55.098 GC heap before
{Heap before GC invocations=515 (full 3):
 PSYoungGen      total 3072K, used 2946K [0x00000000eab00000, 0x00000000eb080000, 0x0000000100000000)
  eden space 2048K, 98% used [0x00000000eab00000,0x00000000eacf8450,0x00000000ead00000)
  from space 1024K, 90% used [0x00000000eae80000,0x00000000eaf68560,0x00000000eaf80000)
  to   space 1024K, 0% used [0x00000000eaf80000,0x00000000eaf80000,0x00000000eb080000)
 ParOldGen       total 470016K, used 469793K [0x00000000c0000000, 0x00000000dcb00000, 0x00000000eab00000)
  object space 470016K, 99% used [0x00000000c0000000,0x00000000dcac8510,0x00000000dcb00000)
 Metaspace       used 65063K, committed 66432K, reserved 1114112K
  class space    used 6673K, committed 7296K, reserved 1048576K
}
Event: 55.105 GC heap after
{Heap after GC invocations=515 (full 3):
 PSYoungGen      total 3072K, used 867K [0x00000000eab00000, 0x00000000eb080000, 0x0000000100000000)
  eden space 2048K, 0% used [0x00000000eab00000,0x00000000eab00000,0x00000000ead00000)
  from space 1024K, 84% used [0x00000000eaf80000,0x00000000eb058e08,0x00000000eb080000)
  to   space 1024K, 0% used [0x00000000eae80000,0x00000000eae80000,0x00000000eaf80000)
 ParOldGen       total 471040K, used 470638K [0x00000000c0000000, 0x00000000dcc00000, 0x00000000eab00000)
  object space 471040K, 99% used [0x00000000c0000000,0x00000000dcb9ba40,0x00000000dcc00000)
 Metaspace       used 65063K, committed 66432K, reserved 1114112K
  class space    used 6673K, committed 7296K, reserved 1048576K
}
Event: 55.177 GC heap before
{Heap before GC invocations=516 (full 3):
 PSYoungGen      total 3072K, used 2915K [0x00000000eab00000, 0x00000000eb080000, 0x0000000100000000)
  eden space 2048K, 100% used [0x00000000eab00000,0x00000000ead00000,0x00000000ead00000)
  from space 1024K, 84% used [0x00000000eaf80000,0x00000000eb058e08,0x00000000eb080000)
  to   space 1024K, 0% used [0x00000000eae80000,0x00000000eae80000,0x00000000eaf80000)
 ParOldGen       total 471040K, used 470638K [0x00000000c0000000, 0x00000000dcc00000, 0x00000000eab00000)
  object space 471040K, 99% used [0x00000000c0000000,0x00000000dcb9ba40,0x00000000dcc00000)
 Metaspace       used 65069K, committed 66432K, reserved 1114112K
  class space    used 6673K, committed 7296K, reserved 1048576K
}
Event: 55.182 GC heap after
{Heap after GC invocations=516 (full 3):
 PSYoungGen      total 3072K, used 771K [0x00000000eab00000, 0x00000000eb000000, 0x0000000100000000)
  eden space 2048K, 0% used [0x00000000eab00000,0x00000000eab00000,0x00000000ead00000)
  from space 1024K, 75% used [0x00000000eae80000,0x00000000eaf40c28,0x00000000eaf80000)
  to   space 512K, 0% used [0x00000000eaf80000,0x00000000eaf80000,0x00000000eb000000)
 ParOldGen       total 471552K, used 471364K [0x00000000c0000000, 0x00000000dcc80000, 0x00000000eab00000)
  object space 471552K, 99% used [0x00000000c0000000,0x00000000dcc51220,0x00000000dcc80000)
 Metaspace       used 65069K, committed 66432K, reserved 1114112K
  class space    used 6673K, committed 7296K, reserved 1048576K
}
Event: 55.251 GC heap before
{Heap before GC invocations=517 (full 3):
 PSYoungGen      total 3072K, used 2819K [0x00000000eab00000, 0x00000000eb000000, 0x0000000100000000)
  eden space 2048K, 100% used [0x00000000eab00000,0x00000000ead00000,0x00000000ead00000)
  from space 1024K, 75% used [0x00000000eae80000,0x00000000eaf40c28,0x00000000eaf80000)
  to   space 512K, 0% used [0x00000000eaf80000,0x00000000eaf80000,0x00000000eb000000)
 ParOldGen       total 471552K, used 471364K [0x00000000c0000000, 0x00000000dcc80000, 0x00000000eab00000)
  object space 471552K, 99% used [0x00000000c0000000,0x00000000dcc51220,0x00000000dcc80000)
 Metaspace       used 65075K, committed 66432K, reserved 1114112K
  class space    used 6673K, committed 7296K, reserved 1048576K
}
Event: 55.260 GC heap after
{Heap after GC invocations=517 (full 3):
 PSYoungGen      total 2560K, used 512K [0x00000000eab00000, 0x00000000eb200000, 0x0000000100000000)
  eden space 2048K, 0% used [0x00000000eab00000,0x00000000eab00000,0x00000000ead00000)
  from space 512K, 100% used [0x00000000eaf80000,0x00000000eb000000,0x00000000eb000000)
  to   space 2560K, 0% used [0x00000000ead00000,0x00000000ead00000,0x00000000eaf80000)
 ParOldGen       total 473088K, used 472763K [0x00000000c0000000, 0x00000000dce00000, 0x00000000eab00000)
  object space 473088K, 99% used [0x00000000c0000000,0x00000000dcdaefe0,0x00000000dce00000)
 Metaspace       used 65075K, committed 66432K, reserved 1114112K
  class space    used 6673K, committed 7296K, reserved 1048576K
}
Event: 55.342 GC heap before
{Heap before GC invocations=518 (full 3):
 PSYoungGen      total 2560K, used 2560K [0x00000000eab00000, 0x00000000eb200000, 0x0000000100000000)
  eden space 2048K, 100% used [0x00000000eab00000,0x00000000ead00000,0x00000000ead00000)
  from space 512K, 100% used [0x00000000eaf80000,0x00000000eb000000,0x00000000eb000000)
  to   space 2560K, 0% used [0x00000000ead00000,0x00000000ead00000,0x00000000eaf80000)
 ParOldGen       total 473088K, used 472763K [0x00000000c0000000, 0x00000000dce00000, 0x00000000eab00000)
  object space 473088K, 99% used [0x00000000c0000000,0x00000000dcdaefe0,0x00000000dce00000)
 Metaspace       used 65080K, committed 66432K, reserved 1114112K
  class space    used 6673K, committed 7296K, reserved 1048576K
}
Event: 55.347 GC heap after
{Heap after GC invocations=518 (full 3):
 PSYoungGen      total 3072K, used 862K [0x00000000eab00000, 0x00000000eb000000, 0x0000000100000000)
  eden space 2048K, 0% used [0x00000000eab00000,0x00000000eab00000,0x00000000ead00000)
  from space 1024K, 84% used [0x00000000ead00000,0x00000000eadd7be0,0x00000000eae00000)
  to   space 1536K, 0% used [0x00000000eae80000,0x00000000eae80000,0x00000000eb000000)
 ParOldGen       total 473600K, used 473284K [0x00000000c0000000, 0x00000000dce80000, 0x00000000eab00000)
  object space 473600K, 99% used [0x00000000c0000000,0x00000000dce310f0,0x00000000dce80000)
 Metaspace       used 65080K, committed 66432K, reserved 1114112K
  class space    used 6673K, committed 7296K, reserved 1048576K
}
Event: 55.440 GC heap before
{Heap before GC invocations=519 (full 3):
 PSYoungGen      total 3072K, used 2910K [0x00000000eab00000, 0x00000000eb000000, 0x0000000100000000)
  eden space 2048K, 100% used [0x00000000eab00000,0x00000000ead00000,0x00000000ead00000)
  from space 1024K, 84% used [0x00000000ead00000,0x00000000eadd7be0,0x00000000eae00000)
  to   space 1536K, 0% used [0x00000000eae80000,0x00000000eae80000,0x00000000eb000000)
 ParOldGen       total 473600K, used 473284K [0x00000000c0000000, 0x00000000dce80000, 0x00000000eab00000)
  object space 473600K, 99% used [0x00000000c0000000,0x00000000dce310f0,0x00000000dce80000)
 Metaspace       used 65128K, committed 66496K, reserved 1114112K
  class space    used 6673K, committed 7296K, reserved 1048576K
}
Event: 55.445 GC heap after
{Heap after GC invocations=519 (full 3):
 PSYoungGen      total 3072K, used 672K [0x00000000eab00000, 0x00000000eaf80000, 0x0000000100000000)
  eden space 2048K, 0% used [0x00000000eab00000,0x00000000eab00000,0x00000000ead00000)
  from space 1024K, 65% used [0x00000000eae80000,0x00000000eaf28000,0x00000000eaf80000)
  to   space 1024K, 0% used [0x00000000ead00000,0x00000000ead00000,0x00000000eae00000)
 ParOldGen       total 474112K, used 474075K [0x00000000c0000000, 0x00000000dcf00000, 0x00000000eab00000)
  object space 474112K, 99% used [0x00000000c0000000,0x00000000dcef6f58,0x00000000dcf00000)
 Metaspace       used 65128K, committed 66496K, reserved 1114112K
  class space    used 6673K, committed 7296K, reserved 1048576K
}
Event: 55.506 GC heap before
{Heap before GC invocations=520 (full 3):
 PSYoungGen      total 3072K, used 2720K [0x00000000eab00000, 0x00000000eaf80000, 0x0000000100000000)
  eden space 2048K, 100% used [0x00000000eab00000,0x00000000ead00000,0x00000000ead00000)
  from space 1024K, 65% used [0x00000000eae80000,0x00000000eaf28000,0x00000000eaf80000)
  to   space 1024K, 0% used [0x00000000ead00000,0x00000000ead00000,0x00000000eae00000)
 ParOldGen       total 474112K, used 474075K [0x00000000c0000000, 0x00000000dcf00000, 0x00000000eab00000)
  object space 474112K, 99% used [0x00000000c0000000,0x00000000dcef6f58,0x00000000dcf00000)
 Metaspace       used 65132K, committed 66496K, reserved 1114112K
  class space    used 6673K, committed 7296K, reserved 1048576K
}
Event: 55.511 GC heap after
{Heap after GC invocations=520 (full 3):
 PSYoungGen      total 3072K, used 1005K [0x00000000eab00000, 0x00000000eb100000, 0x0000000100000000)
  eden space 2048K, 0% used [0x00000000eab00000,0x00000000eab00000,0x00000000ead00000)
  from space 1024K, 98% used [0x00000000ead00000,0x00000000eadfb628,0x00000000eae00000)
  to   space 2048K, 0% used [0x00000000eaf00000,0x00000000eaf00000,0x00000000eb100000)
 ParOldGen       total 475136K, used 474749K [0x00000000c0000000, 0x00000000dd000000, 0x00000000eab00000)
  object space 475136K, 99% used [0x00000000c0000000,0x00000000dcf9f490,0x00000000dd000000)
 Metaspace       used 65132K, committed 66496K, reserved 1114112K
  class space    used 6673K, committed 7296K, reserved 1048576K
}
Event: 55.727 GC heap before
{Heap before GC invocations=521 (full 3):
 PSYoungGen      total 3072K, used 3053K [0x00000000eab00000, 0x00000000eb100000, 0x0000000100000000)
  eden space 2048K, 100% used [0x00000000eab00000,0x00000000ead00000,0x00000000ead00000)
  from space 1024K, 98% used [0x00000000ead00000,0x00000000eadfb628,0x00000000eae00000)
  to   space 2048K, 0% used [0x00000000eaf00000,0x00000000eaf00000,0x00000000eb100000)
 ParOldGen       total 475136K, used 474749K [0x00000000c0000000, 0x00000000dd000000, 0x00000000eab00000)
  object space 475136K, 99% used [0x00000000c0000000,0x00000000dcf9f490,0x00000000dd000000)
 Metaspace       used 65145K, committed 66496K, reserved 1114112K
  class space    used 6673K, committed 7296K, reserved 1048576K
}
Event: 55.732 GC heap after
{Heap after GC invocations=521 (full 3):
 PSYoungGen      total 3072K, used 856K [0x00000000eab00000, 0x00000000eb000000, 0x0000000100000000)
  eden space 2048K, 0% used [0x00000000eab00000,0x00000000eab00000,0x00000000ead00000)
  from space 1024K, 83% used [0x00000000eaf00000,0x00000000eafd61f0,0x00000000eb000000)
  to   space 1536K, 0% used [0x00000000ead00000,0x00000000ead00000,0x00000000eae80000)
 ParOldGen       total 476160K, used 475748K [0x00000000c0000000, 0x00000000dd100000, 0x00000000eab00000)
  object space 476160K, 99% used [0x00000000c0000000,0x00000000dd099330,0x00000000dd100000)
 Metaspace       used 65145K, committed 66496K, reserved 1114112K
  class space    used 6673K, committed 7296K, reserved 1048576K
}
Event: 55.813 GC heap before
{Heap before GC invocations=522 (full 3):
 PSYoungGen      total 3072K, used 2904K [0x00000000eab00000, 0x00000000eb000000, 0x0000000100000000)
  eden space 2048K, 99% used [0x00000000eab00000,0x00000000eacfffb8,0x00000000ead00000)
  from space 1024K, 83% used [0x00000000eaf00000,0x00000000eafd61f0,0x00000000eb000000)
  to   space 1536K, 0% used [0x00000000ead00000,0x00000000ead00000,0x00000000eae80000)
 ParOldGen       total 476160K, used 475748K [0x00000000c0000000, 0x00000000dd100000, 0x00000000eab00000)
  object space 476160K, 99% used [0x00000000c0000000,0x00000000dd099330,0x00000000dd100000)
 Metaspace       used 65146K, committed 66496K, reserved 1114112K
  class space    used 6673K, committed 7296K, reserved 1048576K
}
Event: 55.821 GC heap after
{Heap after GC invocations=522 (full 3):
 PSYoungGen      total 3584K, used 1099K [0x00000000eab00000, 0x00000000eb000000, 0x0000000100000000)
  eden space 2048K, 0% used [0x00000000eab00000,0x00000000eab00000,0x00000000ead00000)
  from space 1536K, 71% used [0x00000000ead00000,0x00000000eae12c88,0x00000000eae80000)
  to   space 1536K, 0% used [0x00000000eae80000,0x00000000eae80000,0x00000000eb000000)
 ParOldGen       total 476672K, used 476452K [0x00000000c0000000, 0x00000000dd180000, 0x00000000eab00000)
  object space 476672K, 99% used [0x00000000c0000000,0x00000000dd1490d8,0x00000000dd180000)
 Metaspace       used 65146K, committed 66496K, reserved 1114112K
  class space    used 6673K, committed 7296K, reserved 1048576K
}
Event: 56.497 GC heap before
{Heap before GC invocations=523 (full 3):
 PSYoungGen      total 3584K, used 3147K [0x00000000eab00000, 0x00000000eb000000, 0x0000000100000000)
  eden space 2048K, 100% used [0x00000000eab00000,0x00000000ead00000,0x00000000ead00000)
  from space 1536K, 71% used [0x00000000ead00000,0x00000000eae12c88,0x00000000eae80000)
  to   space 1536K, 0% used [0x00000000eae80000,0x00000000eae80000,0x00000000eb000000)
 ParOldGen       total 476672K, used 476452K [0x00000000c0000000, 0x00000000dd180000, 0x00000000eab00000)
  object space 476672K, 99% used [0x00000000c0000000,0x00000000dd1490d8,0x00000000dd180000)
 Metaspace       used 65150K, committed 66560K, reserved 1114112K
  class space    used 6673K, committed 7296K, reserved 1048576K
}
Event: 56.503 GC heap after
{Heap after GC invocations=523 (full 3):
 PSYoungGen      total 3584K, used 1014K [0x00000000eab00000, 0x00000000eb000000, 0x0000000100000000)
  eden space 2048K, 0% used [0x00000000eab00000,0x00000000eab00000,0x00000000ead00000)
  from space 1536K, 66% used [0x00000000eae80000,0x00000000eaf7d808,0x00000000eb000000)
  to   space 1536K, 0% used [0x00000000ead00000,0x00000000ead00000,0x00000000eae80000)
 ParOldGen       total 477696K, used 477456K [0x00000000c0000000, 0x00000000dd280000, 0x00000000eab00000)
  object space 477696K, 99% used [0x00000000c0000000,0x00000000dd2440b0,0x00000000dd280000)
 Metaspace       used 65150K, committed 66560K, reserved 1114112K
  class space    used 6673K, committed 7296K, reserved 1048576K
}
Event: 56.855 GC heap before
{Heap before GC invocations=524 (full 3):
 PSYoungGen      total 3584K, used 3062K [0x00000000eab00000, 0x00000000eb000000, 0x0000000100000000)
  eden space 2048K, 100% used [0x00000000eab00000,0x00000000ead00000,0x00000000ead00000)
  from space 1536K, 66% used [0x00000000eae80000,0x00000000eaf7d808,0x00000000eb000000)
  to   space 1536K, 0% used [0x00000000ead00000,0x00000000ead00000,0x00000000eae80000)
 ParOldGen       total 477696K, used 477456K [0x00000000c0000000, 0x00000000dd280000, 0x00000000eab00000)
  object space 477696K, 99% used [0x00000000c0000000,0x00000000dd2440b0,0x00000000dd280000)
 Metaspace       used 65155K, committed 66560K, reserved 1114112K
  class space    used 6673K, committed 7296K, reserved 1048576K
}
Event: 56.863 GC heap after
{Heap after GC invocations=524 (full 3):
 PSYoungGen      total 3072K, used 976K [0x00000000eab00000, 0x00000000eaf00000, 0x0000000100000000)
  eden space 2048K, 0% used [0x00000000eab00000,0x00000000eab00000,0x00000000ead00000)
  from space 1024K, 95% used [0x00000000ead00000,0x00000000eadf4020,0x00000000eae00000)
  to   space 1024K, 0% used [0x00000000eae00000,0x00000000eae00000,0x00000000eaf00000)
 ParOldGen       total 478720K, used 478400K [0x00000000c0000000, 0x00000000dd380000, 0x00000000eab00000)
  object space 478720K, 99% used [0x00000000c0000000,0x00000000dd3303b0,0x00000000dd380000)
 Metaspace       used 65155K, committed 66560K, reserved 1114112K
  class space    used 6673K, committed 7296K, reserved 1048576K
}

