# JRE version: OpenJDK Runtime Environment Temurin-21.0.6+7 (21.0.6+7) (build 21.0.6+7-LTS)
# Java VM: OpenJDK 64-Bit Server VM Temurin-21.0.6+7 (21.0.6+7-LTS, mixed mode, sharing, tiered, compressed oops, compressed class ptrs, parallel gc, windows-amd64)
GC Precious Log:
 CardTable entry size: 512
 CPUs: 4 total, 4 available
 Memory: 8067M
 Large Page Support: Disabled
 NUMA Support: Disabled
 Compressed Oops: Enabled (32-bit)
 Alignments: Space 512K, Generation 512K, Heap 2M
 Heap Min Capacity: 100M
 Heap Initial Capacity: 100M
 Heap Max Capacity: 1G
 Pre-touch: Disabled
 Parallel Workers: 4
Heap:
 PSYoungGen      total 1024K, used 657K [0x00000000eab00000, 0x00000000ead00000, 0x0000000100000000)
  eden space 512K, 99% used [0x00000000eab00000,0x00000000eab7ffc8,0x00000000eab80000)
  from space 512K, 28% used [0x00000000eac80000,0x00000000eaca45f0,0x00000000ead00000)
  to   space 512K, 31% used [0x00000000eab80000,0x00000000eaba8000,0x00000000eac00000)
 ParOldGen       total 463360K, used 463357K [0x00000000c0000000, 0x00000000dc480000, 0x00000000eab00000)
  object space 463360K, 99% used [0x00000000c0000000,0x00000000dc47f638,0x00000000dc480000)
 Metaspace       used 64844K, committed 66176K, reserved 1114112K
  class space    used 6657K, committed 7232K, reserved 1048576K
GC Heap History (20 events):
Event: 67.896 GC heap before
{Heap before GC invocations=491 (full 3):
 PSYoungGen      total 2048K, used 1696K [0x00000000eab00000, 0x00000000eae00000, 0x0000000100000000)
  eden space 1024K, 100% used [0x00000000eab00000,0x00000000eac00000,0x00000000eac00000)
  from space 1024K, 65% used [0x00000000eac00000,0x00000000eaca8000,0x00000000ead00000)
  to   space 1024K, 0% used [0x00000000ead00000,0x00000000ead00000,0x00000000eae00000)
 ParOldGen       total 460288K, used 459988K [0x00000000c0000000, 0x00000000dc180000, 0x00000000eab00000)
  object space 460288K, 99% used [0x00000000c0000000,0x00000000dc135048,0x00000000dc180000)
 Metaspace       used 64740K, committed 66112K, reserved 1114112K
  class space    used 6644K, committed 7232K, reserved 1048576K
}
Event: 67.899 GC heap after
{Heap after GC invocations=491 (full 3):
 PSYoungGen      total 2048K, used 608K [0x00000000eab00000, 0x00000000eae00000, 0x0000000100000000)
  eden space 1024K, 0% used [0x00000000eab00000,0x00000000eab00000,0x00000000eac00000)
  from space 1024K, 59% used [0x00000000ead00000,0x00000000ead98000,0x00000000eae00000)
  to   space 1024K, 0% used [0x00000000eac00000,0x00000000eac00000,0x00000000ead00000)
 ParOldGen       total 460800K, used 460596K [0x00000000c0000000, 0x00000000dc200000, 0x00000000eab00000)
  object space 460800K, 99% used [0x00000000c0000000,0x00000000dc1cd048,0x00000000dc200000)
 Metaspace       used 64740K, committed 66112K, reserved 1114112K
  class space    used 6644K, committed 7232K, reserved 1048576K
}
Event: 68.027 GC heap before
{Heap before GC invocations=492 (full 3):
 PSYoungGen      total 2048K, used 1631K [0x00000000eab00000, 0x00000000eae00000, 0x0000000100000000)
  eden space 1024K, 99% used [0x00000000eab00000,0x00000000eabfff90,0x00000000eac00000)
  from space 1024K, 59% used [0x00000000ead00000,0x00000000ead98000,0x00000000eae00000)
  to   space 1024K, 0% used [0x00000000eac00000,0x00000000eac00000,0x00000000ead00000)
 ParOldGen       total 460800K, used 460596K [0x00000000c0000000, 0x00000000dc200000, 0x00000000eab00000)
  object space 460800K, 99% used [0x00000000c0000000,0x00000000dc1cd048,0x00000000dc200000)
 Metaspace       used 64740K, committed 66112K, reserved 1114112K
  class space    used 6644K, committed 7232K, reserved 1048576K
}
Event: 68.030 GC heap after
{Heap after GC invocations=492 (full 3):
 PSYoungGen      total 2048K, used 160K [0x00000000eab00000, 0x00000000ead80000, 0x0000000100000000)
  eden space 1024K, 0% used [0x00000000eab00000,0x00000000eab00000,0x00000000eac00000)
  from space 1024K, 15% used [0x00000000eac00000,0x00000000eac28000,0x00000000ead00000)
  to   space 512K, 0% used [0x00000000ead00000,0x00000000ead00000,0x00000000ead80000)
 ParOldGen       total 461312K, used 461108K [0x00000000c0000000, 0x00000000dc280000, 0x00000000eab00000)
  object space 461312K, 99% used [0x00000000c0000000,0x00000000dc24d048,0x00000000dc280000)
 Metaspace       used 64740K, committed 66112K, reserved 1114112K
  class space    used 6644K, committed 7232K, reserved 1048576K
}
Event: 68.241 GC heap before
{Heap before GC invocations=493 (full 3):
 PSYoungGen      total 2048K, used 1183K [0x00000000eab00000, 0x00000000ead80000, 0x0000000100000000)
  eden space 1024K, 99% used [0x00000000eab00000,0x00000000eabfff10,0x00000000eac00000)
  from space 1024K, 15% used [0x00000000eac00000,0x00000000eac28000,0x00000000ead00000)
  to   space 512K, 0% used [0x00000000ead00000,0x00000000ead00000,0x00000000ead80000)
 ParOldGen       total 461312K, used 461108K [0x00000000c0000000, 0x00000000dc280000, 0x00000000eab00000)
  object space 461312K, 99% used [0x00000000c0000000,0x00000000dc24d048,0x00000000dc280000)
 Metaspace       used 64740K, committed 66112K, reserved 1114112K
  class space    used 6644K, committed 7232K, reserved 1048576K
}
Event: 68.245 GC heap after
{Heap after GC invocations=493 (full 3):
 PSYoungGen      total 1536K, used 128K [0x00000000eab00000, 0x00000000ead80000, 0x0000000100000000)
  eden space 1024K, 0% used [0x00000000eab00000,0x00000000eab00000,0x00000000eac00000)
  from space 512K, 25% used [0x00000000ead00000,0x00000000ead20000,0x00000000ead80000)
  to   space 512K, 0% used [0x00000000eac80000,0x00000000eac80000,0x00000000ead00000)
 ParOldGen       total 461312K, used 461188K [0x00000000c0000000, 0x00000000dc280000, 0x00000000eab00000)
  object space 461312K, 99% used [0x00000000c0000000,0x00000000dc261048,0x00000000dc280000)
 Metaspace       used 64740K, committed 66112K, reserved 1114112K
  class space    used 6644K, committed 7232K, reserved 1048576K
}
Event: 68.304 GC heap before
{Heap before GC invocations=494 (full 3):
 PSYoungGen      total 1536K, used 1152K [0x00000000eab00000, 0x00000000ead80000, 0x0000000100000000)
  eden space 1024K, 100% used [0x00000000eab00000,0x00000000eac00000,0x00000000eac00000)
  from space 512K, 25% used [0x00000000ead00000,0x00000000ead20000,0x00000000ead80000)
  to   space 512K, 0% used [0x00000000eac80000,0x00000000eac80000,0x00000000ead00000)
 ParOldGen       total 461312K, used 461188K [0x00000000c0000000, 0x00000000dc280000, 0x00000000eab00000)
  object space 461312K, 99% used [0x00000000c0000000,0x00000000dc261048,0x00000000dc280000)
 Metaspace       used 64740K, committed 66112K, reserved 1114112K
  class space    used 6644K, committed 7232K, reserved 1048576K
}
Event: 68.306 GC heap after
{Heap after GC invocations=494 (full 3):
 PSYoungGen      total 1536K, used 416K [0x00000000eab00000, 0x00000000ead80000, 0x0000000100000000)
  eden space 1024K, 0% used [0x00000000eab00000,0x00000000eab00000,0x00000000eac00000)
  from space 512K, 81% used [0x00000000eac80000,0x00000000eace8000,0x00000000ead00000)
  to   space 512K, 0% used [0x00000000ead00000,0x00000000ead00000,0x00000000ead80000)
 ParOldGen       total 461312K, used 461228K [0x00000000c0000000, 0x00000000dc280000, 0x00000000eab00000)
  object space 461312K, 99% used [0x00000000c0000000,0x00000000dc26b048,0x00000000dc280000)
 Metaspace       used 64740K, committed 66112K, reserved 1114112K
  class space    used 6644K, committed 7232K, reserved 1048576K
}
Event: 68.354 GC heap before
{Heap before GC invocations=495 (full 3):
 PSYoungGen      total 1536K, used 1429K [0x00000000eab00000, 0x00000000ead80000, 0x0000000100000000)
  eden space 1024K, 98% used [0x00000000eab00000,0x00000000eabfd5d0,0x00000000eac00000)
  from space 512K, 81% used [0x00000000eac80000,0x00000000eace8000,0x00000000ead00000)
  to   space 512K, 0% used [0x00000000ead00000,0x00000000ead00000,0x00000000ead80000)
 ParOldGen       total 461312K, used 461228K [0x00000000c0000000, 0x00000000dc280000, 0x00000000eab00000)
  object space 461312K, 99% used [0x00000000c0000000,0x00000000dc26b048,0x00000000dc280000)
 Metaspace       used 64740K, committed 66112K, reserved 1114112K
  class space    used 6644K, committed 7232K, reserved 1048576K
}
Event: 68.357 GC heap after
{Heap after GC invocations=495 (full 3):
 PSYoungGen      total 1024K, used 512K [0x00000000eab00000, 0x00000000eaf00000, 0x0000000100000000)
  eden space 512K, 0% used [0x00000000eab00000,0x00000000eab00000,0x00000000eab80000)
  from space 512K, 100% used [0x00000000ead00000,0x00000000ead80000,0x00000000ead80000)
  to   space 1536K, 0% used [0x00000000eab80000,0x00000000eab80000,0x00000000ead00000)
 ParOldGen       total 462336K, used 461900K [0x00000000c0000000, 0x00000000dc380000, 0x00000000eab00000)
  object space 462336K, 99% used [0x00000000c0000000,0x00000000dc313048,0x00000000dc380000)
 Metaspace       used 64740K, committed 66112K, reserved 1114112K
  class space    used 6644K, committed 7232K, reserved 1048576K
}
Event: 68.363 GC heap before
{Heap before GC invocations=496 (full 3):
 PSYoungGen      total 1024K, used 1018K [0x00000000eab00000, 0x00000000eaf00000, 0x0000000100000000)
  eden space 512K, 98% used [0x00000000eab00000,0x00000000eab7eaf8,0x00000000eab80000)
  from space 512K, 100% used [0x00000000ead00000,0x00000000ead80000,0x00000000ead80000)
  to   space 1536K, 0% used [0x00000000eab80000,0x00000000eab80000,0x00000000ead00000)
 ParOldGen       total 462336K, used 461900K [0x00000000c0000000, 0x00000000dc380000, 0x00000000eab00000)
  object space 462336K, 99% used [0x00000000c0000000,0x00000000dc313048,0x00000000dc380000)
 Metaspace       used 64740K, committed 66112K, reserved 1114112K
  class space    used 6644K, committed 7232K, reserved 1048576K
}
Event: 68.365 GC heap after
{Heap after GC invocations=496 (full 3):
 PSYoungGen      total 1024K, used 384K [0x00000000eab00000, 0x00000000ead80000, 0x0000000100000000)
  eden space 512K, 0% used [0x00000000eab00000,0x00000000eab00000,0x00000000eab80000)
  from space 512K, 75% used [0x00000000eab80000,0x00000000eabe0000,0x00000000eac00000)
  to   space 1024K, 0% used [0x00000000eac80000,0x00000000eac80000,0x00000000ead80000)
 ParOldGen       total 462848K, used 462428K [0x00000000c0000000, 0x00000000dc400000, 0x00000000eab00000)
  object space 462848K, 99% used [0x00000000c0000000,0x00000000dc397048,0x00000000dc400000)
 Metaspace       used 64740K, committed 66112K, reserved 1114112K
  class space    used 6644K, committed 7232K, reserved 1048576K
}
Event: 68.367 GC heap before
{Heap before GC invocations=497 (full 3):
 PSYoungGen      total 1024K, used 896K [0x00000000eab00000, 0x00000000ead80000, 0x0000000100000000)
  eden space 512K, 100% used [0x00000000eab00000,0x00000000eab80000,0x00000000eab80000)
  from space 512K, 75% used [0x00000000eab80000,0x00000000eabe0000,0x00000000eac00000)
  to   space 1024K, 0% used [0x00000000eac80000,0x00000000eac80000,0x00000000ead80000)
 ParOldGen       total 462848K, used 462428K [0x00000000c0000000, 0x00000000dc400000, 0x00000000eab00000)
  object space 462848K, 99% used [0x00000000c0000000,0x00000000dc397048,0x00000000dc400000)
 Metaspace       used 64740K, committed 66112K, reserved 1114112K
  class space    used 6644K, committed 7232K, reserved 1048576K
}
Event: 68.369 GC heap after
{Heap after GC invocations=497 (full 3):
 PSYoungGen      total 1024K, used 352K [0x00000000eab00000, 0x00000000ead00000, 0x0000000100000000)
  eden space 512K, 0% used [0x00000000eab00000,0x00000000eab00000,0x00000000eab80000)
  from space 512K, 68% used [0x00000000eac80000,0x00000000eacd8000,0x00000000ead00000)
  to   space 512K, 0% used [0x00000000eab80000,0x00000000eab80000,0x00000000eac00000)
 ParOldGen       total 462848K, used 462740K [0x00000000c0000000, 0x00000000dc400000, 0x00000000eab00000)
  object space 462848K, 99% used [0x00000000c0000000,0x00000000dc3e5048,0x00000000dc400000)
 Metaspace       used 64740K, committed 66112K, reserved 1114112K
  class space    used 6644K, committed 7232K, reserved 1048576K
}
Event: 68.374 GC heap before
{Heap before GC invocations=498 (full 3):
 PSYoungGen      total 1024K, used 864K [0x00000000eab00000, 0x00000000ead00000, 0x0000000100000000)
  eden space 512K, 100% used [0x00000000eab00000,0x00000000eab80000,0x00000000eab80000)
  from space 512K, 68% used [0x00000000eac80000,0x00000000eacd8000,0x00000000ead00000)
  to   space 512K, 0% used [0x00000000eab80000,0x00000000eab80000,0x00000000eac00000)
 ParOldGen       total 462848K, used 462740K [0x00000000c0000000, 0x00000000dc400000, 0x00000000eab00000)
  object space 462848K, 99% used [0x00000000c0000000,0x00000000dc3e5048,0x00000000dc400000)
 Metaspace       used 64740K, committed 66112K, reserved 1114112K
  class space    used 6644K, committed 7232K, reserved 1048576K
}
Event: 68.379 GC heap after
{Heap after GC invocations=498 (full 3):
 PSYoungGen      total 1024K, used 256K [0x00000000eab00000, 0x00000000ead00000, 0x0000000100000000)
  eden space 512K, 0% used [0x00000000eab00000,0x00000000eab00000,0x00000000eab80000)
  from space 512K, 50% used [0x00000000eab80000,0x00000000eabc0000,0x00000000eac00000)
  to   space 512K, 0% used [0x00000000eac80000,0x00000000eac80000,0x00000000ead00000)
 ParOldGen       total 463360K, used 462996K [0x00000000c0000000, 0x00000000dc480000, 0x00000000eab00000)
  object space 463360K, 99% used [0x00000000c0000000,0x00000000dc425048,0x00000000dc480000)
 Metaspace       used 64740K, committed 66112K, reserved 1114112K
  class space    used 6644K, committed 7232K, reserved 1048576K
}
Event: 68.483 GC heap before
{Heap before GC invocations=499 (full 3):
 PSYoungGen      total 1024K, used 768K [0x00000000eab00000, 0x00000000ead00000, 0x0000000100000000)
  eden space 512K, 100% used [0x00000000eab00000,0x00000000eab80000,0x00000000eab80000)
  from space 512K, 50% used [0x00000000eab80000,0x00000000eabc0000,0x00000000eac00000)
  to   space 512K, 0% used [0x00000000eac80000,0x00000000eac80000,0x00000000ead00000)
 ParOldGen       total 463360K, used 462996K [0x00000000c0000000, 0x00000000dc480000, 0x00000000eab00000)
  object space 463360K, 99% used [0x00000000c0000000,0x00000000dc425048,0x00000000dc480000)
 Metaspace       used 64741K, committed 66112K, reserved 1114112K
  class space    used 6644K, committed 7232K, reserved 1048576K
}
Event: 68.487 GC heap after
{Heap after GC invocations=499 (full 3):
 PSYoungGen      total 1024K, used 160K [0x00000000eab00000, 0x00000000ead00000, 0x0000000100000000)
  eden space 512K, 0% used [0x00000000eab00000,0x00000000eab00000,0x00000000eab80000)
  from space 512K, 31% used [0x00000000eac80000,0x00000000eaca8000,0x00000000ead00000)
  to   space 512K, 0% used [0x00000000eab80000,0x00000000eab80000,0x00000000eac00000)
 ParOldGen       total 463360K, used 463204K [0x00000000c0000000, 0x00000000dc480000, 0x00000000eab00000)
  object space 463360K, 99% used [0x00000000c0000000,0x00000000dc459048,0x00000000dc480000)
 Metaspace       used 64741K, committed 66112K, reserved 1114112K
  class space    used 6644K, committed 7232K, reserved 1048576K
}
Event: 68.580 GC heap before
{Heap before GC invocations=500 (full 3):
 PSYoungGen      total 1024K, used 662K [0x00000000eab00000, 0x00000000ead00000, 0x0000000100000000)
  eden space 512K, 98% used [0x00000000eab00000,0x00000000eab7db70,0x00000000eab80000)
  from space 512K, 31% used [0x00000000eac80000,0x00000000eaca8000,0x00000000ead00000)
  to   space 512K, 0% used [0x00000000eab80000,0x00000000eab80000,0x00000000eac00000)
 ParOldGen       total 463360K, used 463204K [0x00000000c0000000, 0x00000000dc480000, 0x00000000eab00000)
  object space 463360K, 99% used [0x00000000c0000000,0x00000000dc459048,0x00000000dc480000)
 Metaspace       used 64812K, committed 66176K, reserved 1114112K
  class space    used 6655K, committed 7232K, reserved 1048576K
}
Event: 68.581 GC heap after
{Heap after GC invocations=500 (full 3):
 PSYoungGen      total 1024K, used 128K [0x00000000eab00000, 0x00000000ead00000, 0x0000000100000000)
  eden space 512K, 0% used [0x00000000eab00000,0x00000000eab00000,0x00000000eab80000)
  from space 512K, 25% used [0x00000000eab80000,0x00000000eaba0000,0x00000000eac00000)
  to   space 512K, 0% used [0x00000000eac80000,0x00000000eac80000,0x00000000ead00000)
 ParOldGen       total 463360K, used 463276K [0x00000000c0000000, 0x00000000dc480000, 0x00000000eab00000)
  object space 463360K, 99% used [0x00000000c0000000,0x00000000dc46b048,0x00000000dc480000)
 Metaspace       used 64812K, committed 66176K, reserved 1114112K
  class space    used 6655K, committed 7232K, reserved 1048576K
}

